{
"contracts\\MyERC721.sol":{"l":{"11":2,"12":2,"15":0,"18":2,"19":2},"path":"C:\\Users\\mospa\\Home\\Projects\\escrow\\contracts\\MyERC721.sol","s":{"1":2,"2":2,"3":0,"4":2},"b":{},"f":{"1":9,"2":2,"3":0,"4":2},"fnMap":{"1":{"name":"constructor","line":8,"loc":{"start":{"line":5,"column":4},"end":{"line":9,"column":4}}},"2":{"name":"mintTo","line":10,"loc":{"start":{"line":10,"column":4},"end":{"line":13,"column":4}}},"3":{"name":"transferToken","line":14,"loc":{"start":{"line":14,"column":4},"end":{"line":16,"column":4}}},"4":{"name":"_getNextTokenId","line":17,"loc":{"start":{"line":17,"column":2},"end":{"line":20,"column":4}}}},"statementMap":{"1":{"start":{"line":11,"column":8},"end":{"line":11,"column":40}},"2":{"start":{"line":12,"column":8},"end":{"line":12,"column":32}},"3":{"start":{"line":15,"column":8},"end":{"line":15,"column":42}},"4":{"start":{"line":19,"column":9},"end":{"line":19,"column":31}}},"branchMap":{}},
"contracts\\myRC20.sol":{"l":{"7":12,"11":2},"path":"C:\\Users\\mospa\\Home\\Projects\\escrow\\contracts\\myRC20.sol","s":{"1":12,"2":2},"b":{},"f":{"1":12,"2":2},"fnMap":{"1":{"name":"constructor","line":6,"loc":{"start":{"line":6,"column":4},"end":{"line":8,"column":4}}},"2":{"name":"transferTokens","line":10,"loc":{"start":{"line":10,"column":4},"end":{"line":12,"column":4}}}},"statementMap":{"1":{"start":{"line":7,"column":8},"end":{"line":7,"column":39}},"2":{"start":{"line":11,"column":8},"end":{"line":11,"column":40}}},"branchMap":{}}}
