TN:
SF:C:\Users\mospa\Home\Projects\escrow\contracts\MyERC721.sol
FN:8,constructor
FN:10,mintTo
FN:14,transferToken
FN:17,_getNextTokenId
FNF:4
FNH:3
FNDA:9,constructor
FNDA:2,mintTo
FNDA:0,transferToken
FNDA:2,_getNextTokenId
DA:11,2
DA:12,2
DA:15,0
DA:18,2
DA:19,2
LF:5
LH:4
BRF:0
BRH:0
end_of_record
TN:
SF:C:\Users\mospa\Home\Projects\escrow\contracts\myRC20.sol
FN:6,constructor
FN:10,transferTokens
FNF:2
FNH:2
FNDA:12,constructor
FNDA:2,transferTokens
DA:7,12
DA:11,2
LF:2
LH:2
BRF:0
BRH:0
end_of_record
